{"C:\\Users\\trgre\\Desktop\\ADPone\\ADP_one\\react\\src\\components\\login\\Login.tsx": {"path":"C:\\Users\\trgre\\Desktop\\ADPone\\ADP_one\\react\\src\\components\\login\\Login.tsx","statementMap":{"0":{"start":{"line":1,"column":0},"end":{"line":1,"column":40}},"1":{"start":{"line":2,"column":0},"end":{"line":2,"column":75}},"2":{"start":{"line":3,"column":0},"end":{"line":3,"column":53}},"3":{"start":{"line":4,"column":0},"end":{"line":4,"column":53}},"4":{"start":{"line":6,"column":24},"end":{"line":85,"column":1}},"5":{"start":{"line":7,"column":28},"end":{"line":7,"column":40}},"6":{"start":{"line":8,"column":34},"end":{"line":8,"column":46}},"7":{"start":{"line":9,"column":28},"end":{"line":9,"column":40}},"8":{"start":{"line":10,"column":20},"end":{"line":10,"column":29}},"9":{"start":{"line":11,"column":19},"end":{"line":11,"column":32}},"10":{"start":{"line":13,"column":23},"end":{"line":42,"column":4}},"11":{"start":{"line":13,"column":73},"end":{"line":42,"column":4}},"12":{"start":{"line":14,"column":4},"end":{"line":14,"column":27}},"13":{"start":{"line":15,"column":4},"end":{"line":15,"column":17}},"14":{"start":{"line":17,"column":4},"end":{"line":41,"column":5}},"15":{"start":{"line":18,"column":23},"end":{"line":22,"column":8}},"16":{"start":{"line":24,"column":6},"end":{"line":28,"column":7}},"17":{"start":{"line":25,"column":21},"end":{"line":25,"column":42}},"18":{"start":{"line":26,"column":8},"end":{"line":26,"column":49}},"19":{"start":{"line":27,"column":8},"end":{"line":27,"column":15}},"20":{"start":{"line":30,"column":19},"end":{"line":30,"column":40}},"21":{"start":{"line":31,"column":6},"end":{"line":31,"column":24}},"22":{"start":{"line":33,"column":6},"end":{"line":38,"column":7}},"23":{"start":{"line":34,"column":8},"end":{"line":34,"column":37}},"24":{"start":{"line":36,"column":8},"end":{"line":36,"column":31}},"25":{"start":{"line":37,"column":8},"end":{"line":37,"column":28}},"26":{"start":{"line":40,"column":6},"end":{"line":40,"column":36}},"27":{"start":{"line":44,"column":2},"end":{"line":84,"column":4}},"28":{"start":{"line":57,"column":33},"end":{"line":57,"column":57}},"29":{"start":{"line":68,"column":33},"end":{"line":68,"column":60}},"30":{"start":{"line":87,"column":0},"end":{"line":87,"column":21}}},"fnMap":{"0":{"name":"(anonymous_13)","decl":{"start":{"line":6,"column":24},"end":{"line":6,"column":27}},"loc":{"start":{"line":6,"column":29},"end":{"line":85,"column":1}}},"1":{"name":"(anonymous_14)","decl":{"start":{"line":13,"column":23},"end":{"line":13,"column":30}},"loc":{"start":{"line":13,"column":73},"end":{"line":42,"column":4}}},"2":{"name":"(anonymous_15)","decl":{"start":{"line":13,"column":73},"end":{"line":13,"column":null}},"loc":{"start":{"line":13,"column":73},"end":{"line":42,"column":3}}},"3":{"name":"(anonymous_16)","decl":{"start":{"line":57,"column":26},"end":{"line":57,"column":27}},"loc":{"start":{"line":57,"column":33},"end":{"line":57,"column":57}}},"4":{"name":"(anonymous_17)","decl":{"start":{"line":68,"column":26},"end":{"line":68,"column":27}},"loc":{"start":{"line":68,"column":33},"end":{"line":68,"column":60}}}},"branchMap":{"0":{"loc":{"start":{"line":24,"column":6},"end":{"line":28,"column":7}},"type":"if","locations":[{"start":{"line":24,"column":6},"end":{"line":28,"column":7}}]},"1":{"loc":{"start":{"line":26,"column":17},"end":{"line":26,"column":47}},"type":"binary-expr","locations":[{"start":{"line":26,"column":17},"end":{"line":26,"column":29}},{"start":{"line":26,"column":33},"end":{"line":26,"column":47}}]},"2":{"loc":{"start":{"line":33,"column":6},"end":{"line":38,"column":7}},"type":"if","locations":[{"start":{"line":33,"column":6},"end":{"line":38,"column":7}},{"start":{"line":35,"column":13},"end":{"line":38,"column":7}}]},"3":{"loc":{"start":{"line":49,"column":11},"end":{"line":49,"column":59}},"type":"binary-expr","locations":[{"start":{"line":49,"column":11},"end":{"line":49,"column":16}},{"start":{"line":49,"column":20},"end":{"line":49,"column":59}}]}},"s":{"0":1,"1":1,"2":1,"3":1,"4":1,"5":6,"6":6,"7":6,"8":6,"9":6,"10":6,"11":1,"12":1,"13":1,"14":1,"15":1,"16":1,"17":1,"18":1,"19":1,"20":0,"21":0,"22":0,"23":0,"24":0,"25":0,"26":0,"27":6,"28":1,"29":1,"30":1},"f":{"0":6,"1":1,"2":1,"3":1,"4":1},"b":{"0":[1],"1":[1,0],"2":[0,0],"3":[6,1]}}
,"C:\\Users\\trgre\\Desktop\\ADPone\\ADP_one\\react\\src\\contexts\\AuthContext.tsx": {"path":"C:\\Users\\trgre\\Desktop\\ADPone\\ADP_one\\react\\src\\contexts\\AuthContext.tsx","statementMap":{"0":{"start":{"line":1,"column":0},"end":{"line":1,"column":78}},"1":{"start":{"line":13,"column":13},"end":{"line":13,"column":81}},"2":{"start":{"line":15,"column":63},"end":{"line":39,"column":1}},"3":{"start":{"line":16,"column":40},"end":{"line":16,"column":86}},"4":{"start":{"line":18,"column":16},"end":{"line":27,"column":3}},"5":{"start":{"line":20,"column":21},"end":{"line":20,"column":58}},"6":{"start":{"line":21,"column":4},"end":{"line":25,"column":7}},"7":{"start":{"line":26,"column":4},"end":{"line":26,"column":41}},"8":{"start":{"line":29,"column":17},"end":{"line":32,"column":3}},"9":{"start":{"line":30,"column":4},"end":{"line":30,"column":25}},"10":{"start":{"line":31,"column":4},"end":{"line":31,"column":37}},"11":{"start":{"line":34,"column":2},"end":{"line":38,"column":4}},"12":{"start":{"line":15,"column":13},"end":{"line":15,"column":63}},"13":{"start":{"line":41,"column":23},"end":{"line":47,"column":1}},"14":{"start":{"line":42,"column":18},"end":{"line":42,"column":41}},"15":{"start":{"line":43,"column":2},"end":{"line":45,"column":3}},"16":{"start":{"line":44,"column":4},"end":{"line":44,"column":67}},"17":{"start":{"line":46,"column":2},"end":{"line":46,"column":17}},"18":{"start":{"line":41,"column":13},"end":{"line":41,"column":23}}},"fnMap":{"0":{"name":"(anonymous_6)","decl":{"start":{"line":15,"column":63},"end":{"line":15,"column":64}},"loc":{"start":{"line":15,"column":80},"end":{"line":39,"column":1}}},"1":{"name":"(anonymous_7)","decl":{"start":{"line":18,"column":16},"end":{"line":18,"column":17}},"loc":{"start":{"line":18,"column":34},"end":{"line":27,"column":3}}},"2":{"name":"(anonymous_8)","decl":{"start":{"line":29,"column":17},"end":{"line":29,"column":20}},"loc":{"start":{"line":29,"column":22},"end":{"line":32,"column":3}}},"3":{"name":"(anonymous_9)","decl":{"start":{"line":41,"column":23},"end":{"line":41,"column":26}},"loc":{"start":{"line":41,"column":28},"end":{"line":47,"column":1}}}},"branchMap":{"0":{"loc":{"start":{"line":43,"column":2},"end":{"line":45,"column":3}},"type":"if","locations":[{"start":{"line":43,"column":2},"end":{"line":45,"column":3}}]}},"s":{"0":1,"1":1,"2":1,"3":2,"4":2,"5":0,"6":0,"7":0,"8":2,"9":0,"10":0,"11":2,"12":1,"13":1,"14":6,"15":6,"16":0,"17":6,"18":1},"f":{"0":2,"1":0,"2":0,"3":6},"b":{"0":[0]}}
}
