TN:
SF:src\components\login\Login.tsx
FN:6,(anonymous_13)
FN:13,(anonymous_14)
FN:13,(anonymous_15)
FN:57,(anonymous_16)
FN:68,(anonymous_17)
FNF:5
FNH:5
FNDA:6,(anonymous_13)
FNDA:1,(anonymous_14)
FNDA:1,(anonymous_15)
FNDA:1,(anonymous_16)
FNDA:1,(anonymous_17)
DA:1,1
DA:2,1
DA:3,1
DA:4,1
DA:6,1
DA:7,6
DA:8,6
DA:9,6
DA:10,6
DA:11,6
DA:13,6
DA:14,1
DA:15,1
DA:17,1
DA:18,1
DA:24,1
DA:25,1
DA:26,1
DA:27,1
DA:30,0
DA:31,0
DA:33,0
DA:34,0
DA:36,0
DA:37,0
DA:40,0
DA:44,6
DA:57,1
DA:68,1
DA:87,1
LF:30
LH:23
BRDA:24,0,0,1
BRDA:26,1,0,1
BRDA:26,1,1,0
BRDA:33,2,0,0
BRDA:33,2,1,0
BRDA:49,3,0,6
BRDA:49,3,1,1
BRF:7
BRH:4
end_of_record
TN:
SF:src\contexts\AuthContext.tsx
FN:15,(anonymous_6)
FN:18,(anonymous_7)
FN:29,(anonymous_8)
FN:41,(anonymous_9)
FNF:4
FNH:2
FNDA:2,(anonymous_6)
FNDA:0,(anonymous_7)
FNDA:0,(anonymous_8)
FNDA:6,(anonymous_9)
DA:1,1
DA:13,1
DA:15,1
DA:16,2
DA:18,2
DA:20,0
DA:21,0
DA:26,0
DA:29,2
DA:30,0
DA:31,0
DA:34,2
DA:41,1
DA:42,6
DA:43,6
DA:44,0
DA:46,6
LF:17
LH:11
BRDA:43,0,0,0
BRF:1
BRH:0
end_of_record
